# JRE version: OpenJDK Runtime Environment Temurin-17.0.5+8 (17.0.5+8) (build 17.0.5+8)
# Java VM: OpenJDK 64-Bit Server VM Temurin-17.0.5+8 (17.0.5+8, mixed mode, tiered, compressed oops, compressed class ptrs, parallel gc, windows-amd64)
GC Precious Log:
 CPUs: 8 total, 8 available
 Memory: 32662M
 Large Page Support: Disabled
 NUMA Support: Disabled
 Compressed Oops: Enabled (32-bit)
 Alignments: Space 512K, Generation 512K, Heap 2M
 Heap Min Capacity: 100M
 Heap Initial Capacity: 100M
 Heap Max Capacity: 1G
 Pre-touch: Disabled
 Parallel Workers: 8
Heap:
 PSYoungGen      total 12800K, used 7679K [0x00000000eab00000, 0x00000000ebd00000, 0x0000000100000000)
  eden space 7680K, 99% used [0x00000000eab00000,0x00000000eb27ffa0,0x00000000eb280000)
  from space 5120K, 0% used [0x00000000eb800000,0x00000000eb800000,0x00000000ebd00000)
  to   space 5120K, 0% used [0x00000000eb280000,0x00000000eb280000,0x00000000eb780000)
 ParOldGen       total 699392K, used 699166K [0x00000000c0000000, 0x00000000eab00000, 0x00000000eab00000)
  object space 699392K, 99% used [0x00000000c0000000,0x00000000eaac7af0,0x00000000eab00000)
 Metaspace       used 79215K, committed 80576K, reserved 1122304K
  class space    used 8972K, committed 9536K, reserved 1048576K
GC Heap History (20 events):
Event: 634.173 GC heap after
{Heap after GC invocations=2075 (full 407):
 PSYoungGen      total 12800K, used 7610K [0x00000000eab00000, 0x00000000ebd00000, 0x0000000100000000)
  eden space 7680K, 99% used [0x00000000eab00000,0x00000000eb26e9e8,0x00000000eb280000)
  from space 5120K, 0% used [0x00000000eb280000,0x00000000eb280000,0x00000000eb780000)
  to   space 5120K, 0% used [0x00000000eb800000,0x00000000eb800000,0x00000000ebd00000)
 ParOldGen       total 699392K, used 699173K [0x00000000c0000000, 0x00000000eab00000, 0x00000000eab00000)
  object space 699392K, 99% used [0x00000000c0000000,0x00000000eaac9478,0x00000000eab00000)
 Metaspace       used 79215K, committed 80576K, reserved 1122304K
  class space    used 8972K, committed 9536K, reserved 1048576K
}
Event: 634.173 GC heap before
{Heap before GC invocations=2076 (full 408):
 PSYoungGen      total 12800K, used 7680K [0x00000000eab00000, 0x00000000ebd00000, 0x0000000100000000)
  eden space 7680K, 100% used [0x00000000eab00000,0x00000000eb280000,0x00000000eb280000)
  from space 5120K, 0% used [0x00000000eb280000,0x00000000eb280000,0x00000000eb780000)
  to   space 5120K, 0% used [0x00000000eb800000,0x00000000eb800000,0x00000000ebd00000)
 ParOldGen       total 699392K, used 699173K [0x00000000c0000000, 0x00000000eab00000, 0x00000000eab00000)
  object space 699392K, 99% used [0x00000000c0000000,0x00000000eaac9478,0x00000000eab00000)
 Metaspace       used 79215K, committed 80576K, reserved 1122304K
  class space    used 8972K, committed 9536K, reserved 1048576K
}
Event: 634.604 GC heap after
{Heap after GC invocations=2076 (full 408):
 PSYoungGen      total 12800K, used 7617K [0x00000000eab00000, 0x00000000ebd00000, 0x0000000100000000)
  eden space 7680K, 99% used [0x00000000eab00000,0x00000000eb270620,0x00000000eb280000)
  from space 5120K, 0% used [0x00000000eb800000,0x00000000eb800000,0x00000000ebd00000)
  to   space 5120K, 0% used [0x00000000eb280000,0x00000000eb280000,0x00000000eb780000)
 ParOldGen       total 699392K, used 699172K [0x00000000c0000000, 0x00000000eab00000, 0x00000000eab00000)
  object space 699392K, 99% used [0x00000000c0000000,0x00000000eaac9358,0x00000000eab00000)
 Metaspace       used 79215K, committed 80576K, reserved 1122304K
  class space    used 8972K, committed 9536K, reserved 1048576K
}
Event: 634.605 GC heap before
{Heap before GC invocations=2077 (full 409):
 PSYoungGen      total 12800K, used 7680K [0x00000000eab00000, 0x00000000ebd00000, 0x0000000100000000)
  eden space 7680K, 100% used [0x00000000eab00000,0x00000000eb280000,0x00000000eb280000)
  from space 5120K, 0% used [0x00000000eb800000,0x00000000eb800000,0x00000000ebd00000)
  to   space 5120K, 0% used [0x00000000eb280000,0x00000000eb280000,0x00000000eb780000)
 ParOldGen       total 699392K, used 699172K [0x00000000c0000000, 0x00000000eab00000, 0x00000000eab00000)
  object space 699392K, 99% used [0x00000000c0000000,0x00000000eaac9358,0x00000000eab00000)
 Metaspace       used 79215K, committed 80576K, reserved 1122304K
  class space    used 8972K, committed 9536K, reserved 1048576K
}
Event: 634.962 GC heap after
{Heap after GC invocations=2077 (full 409):
 PSYoungGen      total 12800K, used 7623K [0x00000000eab00000, 0x00000000ebd00000, 0x0000000100000000)
  eden space 7680K, 99% used [0x00000000eab00000,0x00000000eb271d70,0x00000000eb280000)
  from space 5120K, 0% used [0x00000000eb280000,0x00000000eb280000,0x00000000eb780000)
  to   space 5120K, 0% used [0x00000000eb800000,0x00000000eb800000,0x00000000ebd00000)
 ParOldGen       total 699392K, used 699172K [0x00000000c0000000, 0x00000000eab00000, 0x00000000eab00000)
  object space 699392K, 99% used [0x00000000c0000000,0x00000000eaac9358,0x00000000eab00000)
 Metaspace       used 79215K, committed 80576K, reserved 1122304K
  class space    used 8972K, committed 9536K, reserved 1048576K
}
Event: 634.963 GC heap before
{Heap before GC invocations=2078 (full 410):
 PSYoungGen      total 12800K, used 7679K [0x00000000eab00000, 0x00000000ebd00000, 0x0000000100000000)
  eden space 7680K, 99% used [0x00000000eab00000,0x00000000eb27fff8,0x00000000eb280000)
  from space 5120K, 0% used [0x00000000eb280000,0x00000000eb280000,0x00000000eb780000)
  to   space 5120K, 0% used [0x00000000eb800000,0x00000000eb800000,0x00000000ebd00000)
 ParOldGen       total 699392K, used 699172K [0x00000000c0000000, 0x00000000eab00000, 0x00000000eab00000)
  object space 699392K, 99% used [0x00000000c0000000,0x00000000eaac9358,0x00000000eab00000)
 Metaspace       used 79215K, committed 80576K, reserved 1122304K
  class space    used 8972K, committed 9536K, reserved 1048576K
}
Event: 635.324 GC heap after
{Heap after GC invocations=2078 (full 410):
 PSYoungGen      total 12800K, used 7634K [0x00000000eab00000, 0x00000000ebd00000, 0x0000000100000000)
  eden space 7680K, 99% used [0x00000000eab00000,0x00000000eb274938,0x00000000eb280000)
  from space 5120K, 0% used [0x00000000eb800000,0x00000000eb800000,0x00000000ebd00000)
  to   space 5120K, 0% used [0x00000000eb280000,0x00000000eb280000,0x00000000eb780000)
 ParOldGen       total 699392K, used 699170K [0x00000000c0000000, 0x00000000eab00000, 0x00000000eab00000)
  object space 699392K, 99% used [0x00000000c0000000,0x00000000eaac8a50,0x00000000eab00000)
 Metaspace       used 79215K, committed 80576K, reserved 1122304K
  class space    used 8972K, committed 9536K, reserved 1048576K
}
Event: 635.325 GC heap before
{Heap before GC invocations=2079 (full 411):
 PSYoungGen      total 12800K, used 7679K [0x00000000eab00000, 0x00000000ebd00000, 0x0000000100000000)
  eden space 7680K, 99% used [0x00000000eab00000,0x00000000eb27ff50,0x00000000eb280000)
  from space 5120K, 0% used [0x00000000eb800000,0x00000000eb800000,0x00000000ebd00000)
  to   space 5120K, 0% used [0x00000000eb280000,0x00000000eb280000,0x00000000eb780000)
 ParOldGen       total 699392K, used 699170K [0x00000000c0000000, 0x00000000eab00000, 0x00000000eab00000)
  object space 699392K, 99% used [0x00000000c0000000,0x00000000eaac8a50,0x00000000eab00000)
 Metaspace       used 79215K, committed 80576K, reserved 1122304K
  class space    used 8972K, committed 9536K, reserved 1048576K
}
Event: 635.731 GC heap after
{Heap after GC invocations=2079 (full 411):
 PSYoungGen      total 12800K, used 7640K [0x00000000eab00000, 0x00000000ebd00000, 0x0000000100000000)
  eden space 7680K, 99% used [0x00000000eab00000,0x00000000eb276370,0x00000000eb280000)
  from space 5120K, 0% used [0x00000000eb280000,0x00000000eb280000,0x00000000eb780000)
  to   space 5120K, 0% used [0x00000000eb800000,0x00000000eb800000,0x00000000ebd00000)
 ParOldGen       total 699392K, used 699167K [0x00000000c0000000, 0x00000000eab00000, 0x00000000eab00000)
  object space 699392K, 99% used [0x00000000c0000000,0x00000000eaac7c88,0x00000000eab00000)
 Metaspace       used 79215K, committed 80576K, reserved 1122304K
  class space    used 8972K, committed 9536K, reserved 1048576K
}
Event: 635.731 GC heap before
{Heap before GC invocations=2080 (full 412):
 PSYoungGen      total 12800K, used 7680K [0x00000000eab00000, 0x00000000ebd00000, 0x0000000100000000)
  eden space 7680K, 100% used [0x00000000eab00000,0x00000000eb280000,0x00000000eb280000)
  from space 5120K, 0% used [0x00000000eb280000,0x00000000eb280000,0x00000000eb780000)
  to   space 5120K, 0% used [0x00000000eb800000,0x00000000eb800000,0x00000000ebd00000)
 ParOldGen       total 699392K, used 699167K [0x00000000c0000000, 0x00000000eab00000, 0x00000000eab00000)
  object space 699392K, 99% used [0x00000000c0000000,0x00000000eaac7c88,0x00000000eab00000)
 Metaspace       used 79215K, committed 80576K, reserved 1122304K
  class space    used 8972K, committed 9536K, reserved 1048576K
}
Event: 636.118 GC heap after
{Heap after GC invocations=2080 (full 412):
 PSYoungGen      total 12800K, used 7643K [0x00000000eab00000, 0x00000000ebd00000, 0x0000000100000000)
  eden space 7680K, 99% used [0x00000000eab00000,0x00000000eb276ed0,0x00000000eb280000)
  from space 5120K, 0% used [0x00000000eb800000,0x00000000eb800000,0x00000000ebd00000)
  to   space 5120K, 0% used [0x00000000eb280000,0x00000000eb280000,0x00000000eb780000)
 ParOldGen       total 699392K, used 699167K [0x00000000c0000000, 0x00000000eab00000, 0x00000000eab00000)
  object space 699392K, 99% used [0x00000000c0000000,0x00000000eaac7c28,0x00000000eab00000)
 Metaspace       used 79215K, committed 80576K, reserved 1122304K
  class space    used 8972K, committed 9536K, reserved 1048576K
}
Event: 636.119 GC heap before
{Heap before GC invocations=2081 (full 413):
 PSYoungGen      total 12800K, used 7680K [0x00000000eab00000, 0x00000000ebd00000, 0x0000000100000000)
  eden space 7680K, 100% used [0x00000000eab00000,0x00000000eb280000,0x00000000eb280000)
  from space 5120K, 0% used [0x00000000eb800000,0x00000000eb800000,0x00000000ebd00000)
  to   space 5120K, 0% used [0x00000000eb280000,0x00000000eb280000,0x00000000eb780000)
 ParOldGen       total 699392K, used 699167K [0x00000000c0000000, 0x00000000eab00000, 0x00000000eab00000)
  object space 699392K, 99% used [0x00000000c0000000,0x00000000eaac7c28,0x00000000eab00000)
 Metaspace       used 79215K, committed 80576K, reserved 1122304K
  class space    used 8972K, committed 9536K, reserved 1048576K
}
Event: 636.499 GC heap after
{Heap after GC invocations=2081 (full 413):
 PSYoungGen      total 12800K, used 7646K [0x00000000eab00000, 0x00000000ebd00000, 0x0000000100000000)
  eden space 7680K, 99% used [0x00000000eab00000,0x00000000eb277908,0x00000000eb280000)
  from space 5120K, 0% used [0x00000000eb280000,0x00000000eb280000,0x00000000eb780000)
  to   space 5120K, 0% used [0x00000000eb800000,0x00000000eb800000,0x00000000ebd00000)
 ParOldGen       total 699392K, used 699166K [0x00000000c0000000, 0x00000000eab00000, 0x00000000eab00000)
  object space 699392K, 99% used [0x00000000c0000000,0x00000000eaac7af0,0x00000000eab00000)
 Metaspace       used 79215K, committed 80576K, reserved 1122304K
  class space    used 8972K, committed 9536K, reserved 1048576K
}
Event: 636.499 GC heap before
{Heap before GC invocations=2082 (full 414):
 PSYoungGen      total 12800K, used 7679K [0x00000000eab00000, 0x00000000ebd00000, 0x0000000100000000)
  eden space 7680K, 99% used [0x00000000eab00000,0x00000000eb27ffe8,0x00000000eb280000)
  from space 5120K, 0% used [0x00000000eb280000,0x00000000eb280000,0x00000000eb780000)
  to   space 5120K, 0% used [0x00000000eb800000,0x00000000eb800000,0x00000000ebd00000)
 ParOldGen       total 699392K, used 699166K [0x00000000c0000000, 0x00000000eab00000, 0x00000000eab00000)
  object space 699392K, 99% used [0x00000000c0000000,0x00000000eaac7af0,0x00000000eab00000)
 Metaspace       used 79215K, committed 80576K, reserved 1122304K
  class space    used 8972K, committed 9536K, reserved 1048576K
}
Event: 636.888 GC heap after
{Heap after GC invocations=2082 (full 414):
 PSYoungGen      total 12800K, used 7656K [0x00000000eab00000, 0x00000000ebd00000, 0x0000000100000000)
  eden space 7680K, 99% used [0x00000000eab00000,0x00000000eb27a008,0x00000000eb280000)
  from space 5120K, 0% used [0x00000000eb800000,0x00000000eb800000,0x00000000ebd00000)
  to   space 5120K, 0% used [0x00000000eb280000,0x00000000eb280000,0x00000000eb780000)
 ParOldGen       total 699392K, used 699166K [0x00000000c0000000, 0x00000000eab00000, 0x00000000eab00000)
  object space 699392K, 99% used [0x00000000c0000000,0x00000000eaac7af0,0x00000000eab00000)
 Metaspace       used 79215K, committed 80576K, reserved 1122304K
  class space    used 8972K, committed 9536K, reserved 1048576K
}
Event: 636.888 GC heap before
{Heap before GC invocations=2083 (full 415):
 PSYoungGen      total 12800K, used 7680K [0x00000000eab00000, 0x00000000ebd00000, 0x0000000100000000)
  eden space 7680K, 100% used [0x00000000eab00000,0x00000000eb280000,0x00000000eb280000)
  from space 5120K, 0% used [0x00000000eb800000,0x00000000eb800000,0x00000000ebd00000)
  to   space 5120K, 0% used [0x00000000eb280000,0x00000000eb280000,0x00000000eb780000)
 ParOldGen       total 699392K, used 699166K [0x00000000c0000000, 0x00000000eab00000, 0x00000000eab00000)
  object space 699392K, 99% used [0x00000000c0000000,0x00000000eaac7af0,0x00000000eab00000)
 Metaspace       used 79215K, committed 80576K, reserved 1122304K
  class space    used 8972K, committed 9536K, reserved 1048576K
}
Event: 637.309 GC heap after
{Heap after GC invocations=2083 (full 415):
 PSYoungGen      total 12800K, used 7659K [0x00000000eab00000, 0x00000000ebd00000, 0x0000000100000000)
  eden space 7680K, 99% used [0x00000000eab00000,0x00000000eb27af98,0x00000000eb280000)
  from space 5120K, 0% used [0x00000000eb280000,0x00000000eb280000,0x00000000eb780000)
  to   space 5120K, 0% used [0x00000000eb800000,0x00000000eb800000,0x00000000ebd00000)
 ParOldGen       total 699392K, used 699166K [0x00000000c0000000, 0x00000000eab00000, 0x00000000eab00000)
  object space 699392K, 99% used [0x00000000c0000000,0x00000000eaac7af0,0x00000000eab00000)
 Metaspace       used 79215K, committed 80576K, reserved 1122304K
  class space    used 8972K, committed 9536K, reserved 1048576K
}
Event: 637.310 GC heap before
{Heap before GC invocations=2084 (full 416):
 PSYoungGen      total 12800K, used 7679K [0x00000000eab00000, 0x00000000ebd00000, 0x0000000100000000)
  eden space 7680K, 99% used [0x00000000eab00000,0x00000000eb27ffc0,0x00000000eb280000)
  from space 5120K, 0% used [0x00000000eb280000,0x00000000eb280000,0x00000000eb780000)
  to   space 5120K, 0% used [0x00000000eb800000,0x00000000eb800000,0x00000000ebd00000)
 ParOldGen       total 699392K, used 699166K [0x00000000c0000000, 0x00000000eab00000, 0x00000000eab00000)
  object space 699392K, 99% used [0x00000000c0000000,0x00000000eaac7af0,0x00000000eab00000)
 Metaspace       used 79215K, committed 80576K, reserved 1122304K
  class space    used 8972K, committed 9536K, reserved 1048576K
}
Event: 637.735 GC heap after
{Heap after GC invocations=2084 (full 416):
 PSYoungGen      total 12800K, used 7660K [0x00000000eab00000, 0x00000000ebd00000, 0x0000000100000000)
  eden space 7680K, 99% used [0x00000000eab00000,0x00000000eb27b2d8,0x00000000eb280000)
  from space 5120K, 0% used [0x00000000eb800000,0x00000000eb800000,0x00000000ebd00000)
  to   space 5120K, 0% used [0x00000000eb280000,0x00000000eb280000,0x00000000eb780000)
 ParOldGen       total 699392K, used 699166K [0x00000000c0000000, 0x00000000eab00000, 0x00000000eab00000)
  object space 699392K, 99% used [0x00000000c0000000,0x00000000eaac7af0,0x00000000eab00000)
 Metaspace       used 79215K, committed 80576K, reserved 1122304K
  class space    used 8972K, committed 9536K, reserved 1048576K
}
Event: 637.735 GC heap before
{Heap before GC invocations=2085 (full 417):
 PSYoungGen      total 12800K, used 7679K [0x00000000eab00000, 0x00000000ebd00000, 0x0000000100000000)
  eden space 7680K, 99% used [0x00000000eab00000,0x00000000eb27ffa0,0x00000000eb280000)
  from space 5120K, 0% used [0x00000000eb800000,0x00000000eb800000,0x00000000ebd00000)
  to   space 5120K, 0% used [0x00000000eb280000,0x00000000eb280000,0x00000000eb780000)
 ParOldGen       total 699392K, used 699166K [0x00000000c0000000, 0x00000000eab00000, 0x00000000eab00000)
  object space 699392K, 99% used [0x00000000c0000000,0x00000000eaac7af0,0x00000000eab00000)
 Metaspace       used 79215K, committed 80576K, reserved 1122304K
  class space    used 8972K, committed 9536K, reserved 1048576K
}

